[debug] [2022-09-12T18:56:47.233Z] ----------------------------------------------------------------------
[debug] [2022-09-12T18:56:47.235Z] Command:       /home/gitpod/.nvm/versions/node/v16.17.0/bin/node /home/gitpod/.nvm/versions/node/v16.17.0/bin/firebase login
[debug] [2022-09-12T18:56:47.235Z] CLI Version:   11.9.0
[debug] [2022-09-12T18:56:47.235Z] Platform:      linux
[debug] [2022-09-12T18:56:47.235Z] Node Version:  v16.17.0
[debug] [2022-09-12T18:56:47.236Z] Time:          Mon Sep 12 2022 18:56:47 GMT+0000 (Coordinated Universal Time)
[debug] [2022-09-12T18:56:47.236Z] ----------------------------------------------------------------------
[debug] 
[debug] [2022-09-12T18:56:47.238Z] >>> [apiv2][query] GET https://firebase-public.firebaseio.com/cli.json [none]
[info] i  Firebase optionally collects CLI and Emulator Suite usage and error reporting information to help improve our products. Data is collected in accordance with Google's privacy policy (https://policies.google.com/privacy) and is not used to identify you.
 
[debug] [2022-09-12T18:56:47.402Z] <<< [apiv2][status] GET https://firebase-public.firebaseio.com/cli.json 200
[debug] [2022-09-12T18:56:47.402Z] <<< [apiv2][body] GET https://firebase-public.firebaseio.com/cli.json {"cloudBuildErrorAfter":1594252800000,"cloudBuildWarnAfter":1590019200000,"defaultNode10After":1594252800000,"minVersion":"3.0.5","node8DeploysDisabledAfter":1613390400000,"node8RuntimeDisabledAfter":1615809600000,"node8WarnAfter":1600128000000}
[info] i  To change your data collection preference at any time, run `firebase logout` and log in again. 
[info] 
[info] Visit this URL on this device to log in:
[info] https://accounts.google.com/o/oauth2/auth?client_id=563584335869-fgrhgmd47bqnekij5i8b5pr03ho849e6.apps.googleusercontent.com&scope=email%20openid%20https%3A%2F%2Fwww.googleapis.com%2Fauth%2Fcloudplatformprojects.readonly%20https%3A%2F%2Fwww.googleapis.com%2Fauth%2Ffirebase%20https%3A%2F%2Fwww.googleapis.com%2Fauth%2Fcloud-platform&response_type=code&state=850940535&redirect_uri=http%3A%2F%2Flocalhost%3A9005
[info] 
[info] Waiting for authentication...
[debug] [2022-09-12T19:00:25.532Z] >>> [apiv2][query] POST https://auth.firebase.tools/attest [none]
[debug] [2022-09-12T19:00:25.532Z] >>> [apiv2][body] POST https://auth.firebase.tools/attest {"session_id":"35de2a87-e0b9-400f-acf4-ffa101c55623"}
[debug] [2022-09-12T19:00:25.949Z] <<< [apiv2][status] POST https://auth.firebase.tools/attest 200
[debug] [2022-09-12T19:00:25.950Z] <<< [apiv2][body] POST https://auth.firebase.tools/attest {"token":"WCbBlYTWW-ctXMFQvMG5t4A8NpVrbLHzHBQPxn73odE"}
[info] 
[info] To sign in to the Firebase CLI:
[info] 
[info] 1. Take note of your session ID:
[info] 
[info]    35DE2
[info] 
[info] 2. Visit the URL below on any device and follow the instructions to get your code:
[info] 
[info]    https://auth.firebase.tools/login?code_challenge=4xQiUJD_oaTIvA73r_iJiFtt6jMCXzDY8-BcCqMEohs&session=35de2a87-e0b9-400f-acf4-ffa101c55623&attest=WCbBlYTWW-ctXMFQvMG5t4A8NpVrbLHzHBQPxn73odE
[info] 
[info] 3. Paste or enter the authorization code below once you have it:
[info] 
